<?xml version="1.0" encoding="UTF-8"?>
<testng-results skipped="0" failed="0" ignored="0" total="2" passed="2">
  <reporter-output>
  </reporter-output>
  <suite name="Suite" duration-ms="15569" started-at="2020-02-08T23:29:30 EST" finished-at="2020-02-08T23:29:46 EST">
    <groups>
    </groups>
    <test name="Test" duration-ms="15569" started-at="2020-02-08T23:29:30 EST" finished-at="2020-02-08T23:29:46 EST">
      <class name="mavenproject.MavenTest">
        <test-method status="PASS" signature="openBrowser()[pri:0, instance:mavenproject.MavenTest@6321e813]" name="openBrowser" duration-ms="11461" started-at="2020-02-08T23:29:30 EST" finished-at="2020-02-08T23:29:42 EST">
          <reporter-output>
          </reporter-output>
        </test-method> <!-- openBrowser -->
        <test-method status="PASS" signature="search()[pri:0, instance:mavenproject.MavenTest@6321e813]" name="search" duration-ms="4037" started-at="2020-02-08T23:29:42 EST" finished-at="2020-02-08T23:29:46 EST">
          <reporter-output>
          </reporter-output>
        </test-method> <!-- search -->
      </class> <!-- mavenproject.MavenTest -->
    </test> <!-- Test -->
  </suite> <!-- Suite -->
</testng-results>
