<?xml version="1.0" encoding="UTF-8"?>
<testng-results skipped="0" failed="0" ignored="0" total="2" passed="2">
  <reporter-output>
  </reporter-output>
  <suite name="Suite" duration-ms="13934" started-at="2020-02-09T04:25:17Z" finished-at="2020-02-09T04:25:31Z">
    <groups>
    </groups>
    <test name="Test" duration-ms="13934" started-at="2020-02-09T04:25:17Z" finished-at="2020-02-09T04:25:31Z">
      <class name="mavenproject.MavenTest">
        <test-method status="PASS" signature="openBrowser()[pri:0, instance:mavenproject.MavenTest@6108b2d7]" name="openBrowser" duration-ms="10555" started-at="2020-02-09T04:25:17Z" finished-at="2020-02-09T04:25:27Z">
          <reporter-output>
          </reporter-output>
        </test-method> <!-- openBrowser -->
        <test-method status="PASS" signature="search()[pri:0, instance:mavenproject.MavenTest@6108b2d7]" name="search" duration-ms="3352" started-at="2020-02-09T04:25:27Z" finished-at="2020-02-09T04:25:31Z">
          <reporter-output>
          </reporter-output>
        </test-method> <!-- search -->
      </class> <!-- mavenproject.MavenTest -->
    </test> <!-- Test -->
  </suite> <!-- Suite -->
</testng-results>
